<?xml version="1.0" encoding="UTF-8"?>
<!-- Generated by org.testng.reporters.JUnitReportReporter -->
<testsuite skipped="0" hostname="DESKTOP-LG4283L" name="Prathima.ExtentReports.ExtentReportDemo" tests="1" failures="0" timestamp="2020-06-15T23:21:28 IST" time="8.624" errors="0">
  <testcase name="initialDemo" time="8.624" classname="Prathima.ExtentReports.ExtentReportDemo"/>
  <system-out/>
</testsuite> <!-- Prathima.ExtentReports.ExtentReportDemo -->
